2 273 16
2 58 98
2 144 205
2 113 35
2 243 255
2 121 20
3 174 268 238
2 162 181
2 80 112
3 72 187 219
3 245 3 31
3 203 202 250
3 210 40 266
3 136 197 51
2 11 264
2 63 223
3 200 283 115
4 156 53 64 78
2 282 292
2 290 196
2 294 265
3 127 177 55
1 242
4 0 32 117 182
2 18 106
3 168 277 289
2 96 155
2 246 12
2 170 192
4 216 44 26 145
2 107 152
3 103 232 67
3 110 101 280
2 125 104
4 19 23 291 66
2 15 59
2 13 141
3 8 27 176
3 133 239 142
3 146 139 17
3 34 50 71
4 220 28 235 100
2 185 228
2 57 43
3 54 295 252
4 259 29 253 215
2 39 154
4 116 102 86 297
3 148 73 30
4 275 225 237 120
2 60 288
3 226 6 251
4 41 299 201 231
2 224 126
2 244 206
4 75 56 298 262
3 137 160 47
3 21 269 279
3 4 48 186
2 285 256
5 7 38 163 118 229
4 74 190 199 270
2 258 97
4 281 122 248 46
3 88 14 233
4 212 24 140 194
3 99 89 37
3 105 61 240
2 68 143
2 204 272
4 296 91 109 69
4 92 267 254 1
3 249 207 123
4 164 193 157 135
4 227 230 147 189
4 108 286 82 94
4 79 172 22 178
3 159 209 208
5 161 128 222 90 84
3 184 10 278
2 198 293
3 213 195 153
3 134 119 9
3 241 5 52
3 260 25 173
3 95 158 49
4 85 188 76 77
4 87 129 138 211
3 171 70 247
4 62 263 83 169
3 276 236 257
2 114 149
3 214 191 151
3 218 131 274
3 150 42 132
4 180 217 124 175
3 111 45 183
3 284 81 130
5 167 261 166 287 165
3 271 93 2
