1 4887
18 8342 6654 3575 8435 2335 1010 8536 6563 313 7994 3393 2731 9474 4426 7488 9480 6301 9331
1 4329
21 6901 3149 24 1492 2426 1588 720 7867 8157 4107 8653 4764 7010 6426 8843 1960 8662 8687 6697 528 1941
18 3693 3311 4635 8573 9105 4115 9065 66 3669 799 4114 4498 2945 8650 9221 9964 9571 5793
16 3607 2356 4788 5858 2230 6327 6340 8187 3530 6910 8918 6856 6920 8099 5556 714
18 6381 4059 9707 9020 9820 3579 4648 6951 5887 1430 5437 8500 9438 4939 2534 4550 1682 6363
5 1002 3751 4898 9941 4762
7 9550 4450 137 9784 3846 4730 5851
18 9675 2941 1794 1637 3138 481 3426 3566 8682 5690 6159 7342 8895 938 490 495 5763 6847
24 1560 5222 4208 1984 7357 6164 1869 1240 4673 4376 1580 9297 6537 629 6969 3952 819 9826 8014 6283 8416 4382 4190 859
1 7809
16 2944 3430 5541 9804 6012 7882 3759 6098 9537 1679 5708 8550 7507 1818 7250 7351
22 1273 6961 5424 2589 8699 8979 3461 8462 8207 6634 2031 2167 9232 3731 907 7843 216 6897 8545 2903 5850 5951
15 1194 5377 849 6261 1474 9408 8188 8237 7466 2670 4567 7871 5353 5101 8516
15 789 7314 6430 3475 9543 7043 4862 8665 2052 2011 5385 1519 1166 7125 9122
20 4058 3692 1113 7451 5049 502 5006 6550 4666 2119 6357 9975 6584 4137 5764 582 2923 5804 2732 80
20 4494 9670 3249 699 9191 8832 565 6220 7172 1835 2857 4101 4123 7737 9381 8345 1541 8051 1446 3832
22 4758 29 5885 6656 1406 9246 9412 9595 41 3632 5054 2982 633 1256 4409 6094 3986 1914 7009 4989 3700 9017
21 1867 3988 2912 6418 6485 9406 2512 3024 9282 8588 6474 2916 3921 3054 7277 6081 5064 9230 5247 1842 4810
23 2519 6689 3555 920 9207 5402 2233 2436 4959 608 1564 5621 1634 7239 3905 6566 4582 4477 5083 6423 6174 4097 8844
24 4839 6277 1543 9514 2327 4873 5237 6952 3865 3403 6307 5955 4575 7579 6966 9761 3993 1872 4824 8064 2769 7497 1058 2753
21 3549 9393 9976 8509 1609 9128 8774 9965 248 439 95 9680 8989 4481 6538 6484 8493 4121 3776 3135 6297
19 1992 8518 7640 2296 3197 3104 4815 9815 950 984 4503 5952 2059 4559 129 8228 2808 2438 6264
21 4435 3444 6767 8557 8209 5744 1251 7117 2118 3739 6480 578 7648 1859 9177 8988 2037 2565 6142 242 6604
11 8878 211 1459 7659 7077 5219 3765 3235 4299 3980 8360
10 6150 5307 881 7988 4924 2126 6597 8031 8299 4210
22 5192 9409 8728 3245 8055 328 6741 2198 533 1102 9199 3532 5777 330 9482 4828 6089 8307 2633 1277 4621 1772
20 9563 7318 8783 3596 1630 3951 5510 457 2881 6186 6927 3816 6805 6832 2156 163 7924 2501 4950 1289
6 6403 2981 408 9231 1416 2309
11 7379 1949 3565 3867 5211 3524 3154 8616 6648 9083 2517
20 1776 4586 190 8484 9473 4437 6786 1970 9702 1910 1685 640 5564 6056 7296 897 7086 7785 9862 776
22 3055 5161 7810 7320 2106 2143 3092 1223 5816 5303 378 9002 595 454 5394 4016 8293 6617 9837 9583 3452 9667
22 1757 3855 3457 9799 394 9166 4583 627 1100 493 8040 1260 7174 7494 8110 8791 6985 7679 1411 1946 5005 153
2 4679 8571
19 7088 2026 9556 326 3199 3220 1365 8768 3439 4930 6359 7624 2601 5143 3470 1235 7189 6131 7583
19 4150 1353 8271 8302 5990 1674 4200 2566 200 2783 6825 6274 4099 7334 249 6622 7130 1237 1740
3 1973 384 262
5 5649 5914 613 9798 9056
23 9140 5235 2429 1512 8449 7428 4196 7102 7787 3462 7211 128 5584 5783 7034 7364 7498 7562 320 350 1827 3178 4881
23 3090 8640 4742 6002 6783 4882 8213 8932 9052 9768 6068 2520 8440 4830 7438 9737 7501 127 2557 6692 67 851 8927
20 2061 8395 5406 7864 9852 9495 5393 3947 8348 7534 4415 3906 9644 3323 7734 1622 9490 824 7486 6446
1 7110
21 9847 2986 8310 6361 1227 658 8459 2711 6410 7000 8940 7535 6716 1725 5221 9659 9508 5838 4840 7917 1606
22 5018 7429 7499 606 3743 2313 1384 2788 1697 9109 8173 2368 1804 1211 8094 8901 4857 2931 3031 1876 5729 6869
1 2346
18 713 2008 55 4984 8425 2006 6200 2382 7628 6903 4403 1745 388 698 3292 7145 6389 6124
23 8292 3281 4601 769 4377 567 3148 9137 5698 3368 601 511 6023 8412 4872 9822 3970 377 5008 3221 5116 7500 3356
1 9377
6 1206 8815 5650 8906 8721 4936
20 7957 1888 3239 6780 3918 7230 3329 9274 3510 6475 2440 9464 1587 9138 8239 5941 7749 6726 979 4100
20 734 1879 4693 1593 9691 2957 3603 1326 8796 5779 8298 5382 8827 895 3305 7021 9441 9963 7274 3438
16 2695 610 1414 6849 5500 8224 2649 4615 1676 4802 1508 2291 4539 9322 9447 8347
15 8102 9463 6875 3017 3050 6202 3232 9836 369 5134 9118 6447 7037 9958 361
22 8520 7020 2422 8328 4624 4720 4141 3176 1222 1232 4410 990 9284 1934 4628 2765 2850 8109 4912 5687 4560 149
15 7891 7373 780 2181 9485 8504 9962 7135 6416 5356 1639 5268 4043 7187 5639
1 4027
19 1978 7455 4781 6558 7224 825 7870 5875 656 5433 6652 9457 5674 7769 3507 6462 8218 8478 2871
23 2917 3471 6044 1170 8262 2357 271 2401 7446 3191 3414 4035 92 4913 8780 2393 2898 1292 4019 612 5844 1468 5171
18 1040 6794 6877 9267 8410 7934 2464 4250 102 115 1521 5366 524 9229 7904 9079 2948 8312
21 5717 1724 6404 4428 4546 1852 6756 4421 6942 935 7732 7282 7595 3165 7513 8860 3082 2561 7788 7651 3570
21 3307 8703 4495 113 7114 4414 6924 9306 209 2896 2470 7193 6255 5088 2831 5267 9539 1736 5384 9945 959
15 5343 5743 3849 2455 4349 9869 9743 4595 2954 6197 10 2710 4135 9867 954
23 2465 1097 2571 5381 3527 8848 661 9012 6125 977 6818 6101 6512 6034 4064 4871 7633 6680 2160 9026 1320 985 8778
17 3030 5615 4537 6168 9627 3129 839 7662 5426 9516 4584 7926 5532 5104 77 4336 3351
24 2735 1335 4842 9291 6502 5808 739 8376 3891 3989 9874 2904 1221 1797 267 1369 1537 1947 6247 3534 4159 6790 4176 4513
20 8329 961 5304 677 2531 3651 8426 4255 9289 6762 4705 2362 2409 6751 1199 1168 2164 736 8304 8741
1 6463
21 4078 6160 9733 7993 315 6804 1267 448 3830 146 9819 2250 2518 4990 7903 3173 8431 3083 5908 6769 3955
10 9449 4065 2693 1393 5715 2613 9734 3150 7352 5326
23 5934 4618 5086 3103 6633 3990 513 2539 7631 1518 4658 8995 4639 531 8058 2105 2547 3496 1781 8159 4992 4982 9653
18 7561 6662 2123 1363 5699 4404 7574 4645 8595 8194 2787 7516 969 6699 5470 6859 333 7945
17 700 2576 5341 9090 7319 332 6245 3453 1311 106 9620 538 6452 4533 151 6974 723
25 3629 6815 9581 1332 7156 6199 2791 6304 530 4794 8346 1655 1755 8795 4875 2527 2415 6041 4453 4625 5992 9533 8199 7745 1596
19 3371 7229 3005 7512 3572 277 7637 5535 4285 6645 2654 2075 3685 8820 7796 4608 4773 2024 9170
22 1005 489 3697 5491 4223 5466 5089 4507 1186 6523 9364 422 5853 3434 5100 5306 4365 85 3194 4442 5073 3098
18 549 1866 1323 7104 3334 8868 4938 9042 4326 5045 5135 5907 1768 6064 7529 9911 9403 1533
12 7862 9636 3036 1553 5994 3099 3210 3949 3256 4786 9708 1096
8 9579 584 8598 8291 5097 8576 8476 9664
1 8605
16 1269 5721 933 5158 6133 2543 2969 8259 8366 2648 7394 8917 8284 8335 6827 4541
6 2717 8373 9436 1236 5099 8281
20 6228 5769 2828 6135 7846 965 428 8856 3068 3966 9209 5557 4944 3278 7610 5373 4032 3962 9428 850
19 8204 9402 7471 5654 5369 5554 4502 168 5748 507 5913 5347 4163 9849 5658 684 1525 50 2443
1 1376
21 4071 1664 2774 19 4387 2928 3354 498 5156 5511 3116 2209 3370 4397 1297 6932 3811 515 7599 6883 6376
15 768 7329 8370 5017 4088 2333 4854 7816 967 199 1051 7368 9863 3738 6225
18 7401 5335 3817 1993 696 9452 7768 9744 6293 1721 8273 7729 8326 8998 5959 8532 6682 9366
21 4309 9325 7965 2432 5902 3049 6740 3779 7226 6575 9135 1436 382 3119 2025 3845 9264 6513 2740 3525 2485
23 4379 9411 5881 5227 7398 7704 3160 892 2963 1030 2782 1986 9654 2140 4194 3433 8667 2323 8661 9152 8437 42 6154
20 8840 6900 7028 6110 7585 8254 4202 5285 2997 6251 5260 4798 1568 4470 6161 9298 547 543 4076 6235
25 2316 2720 8406 541 583 1838 5027 2714 5746 3601 5214 435 9586 6402 6244 9100 3466 3904 319 1203 3428 7883 8177 6540 8344
1 9418
16 568 8587 8158 8892 6536 4657 6000 4291 7479 6272 8585 2760 4768 6104 2933 1666
20 8950 7849 3236 6658 7082 2293 1121 4863 8554 3537 2852 6580 1686 7387 9143 5664 9225 5080 4335 3004
23 9216 4855 7463 8698 1407 7180 6747 6155 8784 5626 1792 1627 2261 1693 9353 9652 8316 2966 816 6820 202 3597 9788
19 6541 4536 5727 864 2074 5829 7380 5352 2673 3319 9742 9657 4800 8816 4358 7502 4235 7635 1457
13 9913 1421 6173 7263 7643 3117 1352 2315 1590 808 9943 3847 6938
23 8731 273 157 2920 2020 3564 3540 9503 6450 7372 4973 7097 8786 5014 2115 5630 3879 6165 2979 9368 7315 836 4004
17 474 1528 7709 3640 2742 4154 5771 5756 5678 9512 4366 4819 2977 3216 1538 9661 9050
2 6912 174
16 6724 4056 7435 2942 1734 6053 9487 497 4953 6222 8244 8481 9939 8938 7403 4438
19 9679 2869 5716 9187 7198 6239 3833 5917 7663 81 9858 865 6243 3454 744 5670 1368 2500 8513
20 6663 1305 2949 7911 8024 9851 4164 9890 5712 3615 9492 3778 643 1979 6925 2882 5619 9130 7960 4212
19 2247 9979 7064 5387 8104 4112 4080 2132 9949 208 708 4371 4236 7014 3959 8904 2546 4971 4963
19 9084 8086 1438 4706 3029 9255 1955 6567 9751 1346 3802 1937 9872 9912 30 9358 9542 5168 9880
9 1105 4629 8038 9741 5559 6326 3137 9748 1918
18 3008 1773 7116 8277 3910 1640 1843 7668 6526 4034 6216 2178 4068 3163 2144 7099 556 8004
20 8477 6695 6263 5300 2166 5487 3067 9469 409 9030 4940 1324 1913 5241 3609 9687 6672 3699 3145 5284
19 1209 7928 5440 9901 9935 5359 7927 5425 69 5602 2000 5287 559 767 6868 3635 5986 6588 7096
18 957 2324 1013 1635 4455 5636 6473 3114 3325 2551 7344 4884 1016 5864 1920 5170 1371 929
1 5441
20 1138 6706 7861 2278 8489 1651 8274 6420 4003 7434 4024 7682 5279 9478 5094 5801 3211 9240 3682 8017
17 622 3655 400 442 5732 5662 5724 7477 3829 3429 6737 6313 3476 8958 8749 4902 8922
18 7956 7475 4475 9996 874 47 6360 2967 3680 5830 8761 7275 412 2246 9444 9101 7753 1836
1 2053
10 6745 6647 4249 2373 6059 9157 2513 3946 8473 6184
22 6822 423 4008 6916 8675 3333 7287 5358 1625 3317 8198 989 7690 2577 645 5344 1433 7194 7672 5625 3660 2894
1 1817
17 6670 117 9523 6269 7612 8739 1524 9633 3066 6076 2984 7411 1169 4356 8126 2359 6382
18 3442 580 9649 6851 1959 8464 607 3215 9190 4957 9524 4441 7793 9167 9754 7285 8460 6176
2 233 9489
17 3253 1735 5971 1024 5954 4686 2825 9557 9276 5082 8028 6904 6038 6728 9363 8325 6531
22 6831 4894 6649 8787 3758 9845 5120 9345 9182 4880 6601 9561 6066 6902 9729 4776 5329 6146 928 9110 1786 815
9 7108 7113 4853 2248 2497 6157 2844 2048 5589
20 268 3257 5517 6192 6493 2973 6711 7430 9712 8035 7448 7386 1117 7080 9324 8745 6674 2279 7385 1780
1 5982
21 7657 4090 4346 1228 6752 8978 4630 3605 8835 8079 415 4344 8851 9440 7366 9607 5021 2653 3039 1298 8354
20 5693 4066 7186 8736 1090 8548 4661 7255 1054 4405 9068 7811 3940 509 4224 1875 9948 4173 4468 8215
1 7147
13 9985 854 35 7665 3181 9179 636 8353 2640 2771 6318 6947 5747
1 5780
26 5324 2135 1833 3025 477 7553 9087 3976 9559 1904 7337 7442 1046 9647 1110 7697 1595 8597 5182 674 1048 8523 9023 1283 441 1882
17 7952 7711 4260 2523 7248 7085 9078 2754 3468 5409 2122 6681 4406 6116 6387 5810 9092
1 7990
1 1844
21 8962 1066 61 1883 3826 3384 8629 4910 212 9735 7692 1565 9158 3554 2397 6268 3432 4092 8857 1033 5840
14 5245 8073 8448 6413 992 2180 3315 1660 8617 6009 7940 6352 6262 5498
1 6544
18 7119 7293 1784 1372 8021 9666 2495 284 4029 7840 5169 2128 4347 7316 9270 2796 1094 5950
16 6412 6424 9920 1177 9286 7884 9613 9273 1276 1453 2612 3075 8334 3536 855 198
20 1515 372 741 219 7140 1605 2641 5034 2642 3512 1111 8445 2216 9062 7068 2439 3625 243 693 2406
24 4525 8708 4637 2559 6694 9405 2738 4885 6457 8447 5920 3022 4297 9738 7792 4709 6850 6391 5105 21 8935 2943 5107 2003
11 4836 9897 9497 8339 508 1431 4168 5512 7461 6344 2851
17 7929 222 9888 8029 5572 1142 4228 164 3818 9429 7492 6698 4636 5317 742 5733 3519
11 9864 39 9833 7490 9357 8026 8574 3392 9375 9435 3277
8 4352 5679 1325 40 3992 9919 8471 3337
1 7972
2 6744 3767
23 3580 8420 9698 8149 5213 6123 2838 6004 9806 4225 4207 7710 5751 9681 6013 5660 1643 5610 1747 7757 5072 3387 3081
5 2015 908 8793 3508 7930
1 1027
1 7506
20 4687 3409 2899 4170 4184 5507 9830 5663 8823 1175 8609 952 7746 105 2173 4561 9136 7106 9541 3061
1 1880
2 1208 9049
23 303 7040 5299 1815 6139 7889 8323 5890 2690 9685 5282 210 2937 5847 6460 3915 4433 2722 1396 484 1612 7790 1486
9 7109 8546 6548 2504 7842 2978 3977 4997 1342
19 375 8564 1860 8715 9974 150 4482 1908 417 5124 7778 6279 8534 5694 4569 7062 7006 6528 9739
22 9752 6807 5598 3667 7687 2536 9544 3773 9926 8915 5711 5815 4119 8413 782 97 3750 3124 7532 397 1262 7997
19 9619 519 585 3168 8630 9347 4084 2112 9180 4602 3875 772 2121 5481 7680 7560 9780 8006 2619
14 8290 2147 9104 1503 3740 6399 3839 2652 7794 4221 5909 6855 3659 1925
3 8184 7383 7153
13 4948 6208 5593 2343 4072 5133 1980 1008 6178 1448 2991 4237 9295
26 187 3156 9003 7141 9305 3410 3276 7129 2748 5710 5189 3188 3991 8766 98 3866 8747 8951 3205 3624 7267 7630 2596 2192 4852 4191
23 7070 84 445 2507 3294 4511 6455 4848 318 1977 5112 7636 5701 494 8023 5879 2057 5486 9697 4899 6975 7726 6543
19 4214 1447 6884 6669 4807 856 5892 2442 2077 8772 141 6062 6962 235 4892 614 8115 7419 6226
20 5970 672 8175 5445 4143 6529 2538 7677 8902 951 6503 3263 3477 8785 2817 7150 6319 594 9848 2433
17 8189 902 7546 9640 2338 3502 2473 1496 425 1891 5062 282 561 134 4517 7288 4900
21 5868 6456 6843 817 3208 5856 2511 730 9631 9575 3594 4205 1245 1601 230 9054 894 4144 3299 220 1615
1 8253
1 7909
18 6466 1315 88 5860 4307 8559 4877 8586 5295 8991 4493 8421 8245 2330 8097 6830 5416 600
15 6607 6735 9011 7666 2686 657 7762 506 1415 189 6495 4430 9686 3801 6935
17 6913 8566 5540 5516 1777 6886 1181 9070 5888 6121 9701 5380 9624 5635 7259 8141 3805
2 4520 6600
2 3696 1956
1 5444
10 8758 7196 6630 7176 1831 6106 6396 7192 5502 2237
1 2591
2 2297 2099
2 3729 7483
18 6198 7799 8458 1689 1995 6003 1628 1460 6398 3938 7191 379 4074 8407 592 5350 8161 798
2 6252 6583
20 7399 7877 554 3546 2603 2079 945 3424 6206 1218 2537 9071 3490 2171 3694 8819 5375 3948 8881 1610
1 6190
1 3341
3 4048 4523 9509
15 2883 297 9626 9046 8792 3557 7152 2706 871 1561 4651 9566 1264 6129 8048
1 5903
21 3167 9283 4098 5218 8020 2915 206 482 4826 1201 7686 7209 6615 5374 5298 6333 1071 4856 4985 5705 5997
1 3824
3 666 1695 2678
2 563 1140
21 9313 3869 8179 7188 6189 7210 1530 3396 7557 6984 1 8937 3721 7971 3227 6581 2715 3379 9244 6253 2308
2 3578 943
2 1146 1706
3 3291 8599 7280
3 499 5919 264
1 4138
2 1143 3161
1 1159
1 1626
1 4420
2 1178 2486
2 8578 3088
1 3709
2 1803 5975
1 2758
2 719 5969
1 1555
18 6965 726 2975 9385 1252 5025 7638 3169 9392 7103 5700 387 536 5262 4688 7898 4419 3515
1 4646
2 1874 9740
2 8711 5979
2 3708 9914
2 1023 9372
2 4838 9732
2 9249 4361
2 9019 9519
2 4588 1442
1 1855
1 5478
1 2445
2 1319 3272
1 492
2 9763 576
2 4070 9750
2 4467 5985
2 5332 2177
1 9824
2 7453 8975
3 6031 8111 3389
2 4006 1670
2 7013 7015
2 7779 641
2 3086 1713
1 7773
2 3230 3809
1 2430
2 311 7362
2 1246 229
1 4796
2 3614 5742
2 4644 7760
1 9287
2 5553 486
2 2541 7835
1 5226
1 1339
1 9868
2 3654 4736
2 4829 6090
2 7346 8047
2 8719 389
2 3362 8422
2 7075 3926
1 2939
1 7061
2 6039 6960
2 6321 8330
2 1061 9600
2 1785 2812
1 4469
2 8965 4868
2 8773 3827
2 1563 8402
2 4717 5573
1 9515
2 2412 9048
1 5513
1 7025
2 6238 1131
2 4528 4181
2 23 8139
1 4941
2 7355 7655
1 5968
2 872 9921
2 9044 9999
2 7122 5141
2 7347 923
2 310 4580
2 7575 2265
1 180
1 6527
2 9346 1427
2 1922 4022
2 9186 3252
2 4301 4465
2 2866 8982
1 4471
2 5371 5281
2 3147 9360
2 368 4325
2 6610 3388
2 5562 2620
2 7716 4949
3 7913 4317 8809
1 2887
2 8968 7519
1 5059
2 9121 7482
1 1000
2 6515 4337
2 1381 3705
2 1529 4321
2 3760 5813
1 8563
2 3225 6499
2 9349 1284
2 8890 5067
2 3647 9530
2 9252 3367
1 8824
2 8788 5296
2 3608 9693
2 2384 2951
1 8596
1 9723
2 3381 1998
2 9954 4052
2 6377 6143
2 7804 1546
1 2528
2 4011 8000
1 6517
1 3491
2 2288 9451
2 9251 2709
1 5071
2 6591 3312
1 7581
2 6879 835
2 3358 7522
1 6686
1 773
2 7444 4604
2 2751 1018
2 7284 7432
1 8727
1 7678
2 364 3861
2 1135 5886
1 4818
1 8730
2 3193 4417
2 8553 8397
2 7613 807
2 1778 7621
1 6753
2 8670 9803
2 1399 7600
2 3321 4483
2 3202 4390
2 8306 6665
2 9925 1022
1 3560
2 476 6441
2 1067 3111
1 7433
2 306 3028
2 3936 2669
2 8088 1015
2 7325 766
2 7227 6018
2 8071 8433
1 7206
2 7464 6834
2 5480 7458
1 978
2 9459 8994
2 8303 2007
2 1192 1545
1 7632
2 2176 9520
2 2718 89
2 2212 2448
2 8227 1190
1 4557
1 4793
2 2736 7376
2 5991 5578
2 8967 9910
2 9927 5891
1 820
2 3539 9569
2 2418 9359
2 5983 3638
2 2573 3246
2 873 3207
2 5091 8722
2 7684 5254
2 2660 6521
2 7948 218
2 8192 3870
1 1344
2 4411 3288
2 7468 1114
2 9483 240
