23 6897 1924 4896 3764 5542 675 150 789 7419 6434 3849 5767 7757 903 9893 8367 3773 6165 7465 4593 9285 4552 7947
25 4071 3235 3503 9984 4629 3001 499 5935 9910 8892 2520 1761 9876 7898 9553 7573 9432 728 7182 3699 3081 3649 9687 6390 6865
22 1813 4766 4660 7744 5525 9856 3904 6329 3637 9728 345 9902 917 7932 4719 5920 5807 6926 2638 31 561 3554
26 3873 3833 7011 5658 4983 4858 9989 6547 8874 7610 4497 2825 6811 8883 2837 9570 5040 9017 1591 9541 6355 3838 6136 2712 9349 9768
23 3581 6683 3598 8130 6869 2058 9235 8316 6820 9216 2033 5833 57 8190 4191 1471 6285 4024 4296 8343 6503 3072 9802
22 4107 1768 4219 171 1042 3195 2083 4127 4515 259 6345 3657 9596 2272 9000 6536 3627 8393 4927 9080 2969 977
23 625 1062 6245 7329 5534 4053 4395 4900 8466 872 6386 9261 274 8519 2473 1284 5004 828 7583 3936 103 5877 3870
27 7822 3181 5595 7969 1985 5022 2129 3625 5315 3865 7847 642 5611 9256 8871 8175 2419 7628 864 201 6825 5558 1878 2691 3697 4540 9163
23 3831 2086 5377 9322 5783 8454 9380 8793 8974 6318 3290 9135 6448 4970 842 6734 727 7657 7074 2478 4895 1540 4871
24 2163 1956 7516 1448 1612 9986 5510 9973 9593 3356 125 2372 2130 9624 1523 3428 4073 29 2588 8535 4995 8374 7424 3808
23 3076 4091 4151 7176 1932 8993 70 8347 2121 8137 6414 2869 733 8133 9985 944 6694 6583 7520 3493 3274 3957 9827
27 8406 5669 9817 8663 2644 6218 6824 332 4101 2370 9187 3923 2010 8764 830 1246 454 3768 2455 1982 7905 9881 6011 7542 6821 7422 6806
24 7662 596 5740 404 3881 1854 9457 9149 6711 7522 6183 8446 8109 6226 4800 325 9897 7920 5088 8811 3687 5471 2481 1773
24 1826 3860 9695 2769 3410 2295 4703 2983 2511 4241 2062 9906 8915 475 6726 6877 8199 9644 401 9722 2072 77 7966 1990
24 7256 1491 2963 2430 8108 7944 2175 7209 2011 584 5840 7893 5978 6963 8419 4886 1208 7480 4510 4936 3993 3120 7294 2565
22 6197 554 7161 3716 2154 4809 141 5222 6862 109 8255 3461 2485 2684 7874 1432 7169 2360 2709 2959 7965 5044
23 3155 4392 3659 4249 2138 8873 1603 8258 546 8815 5905 6721 2845 1866 2327 7684 3445 786 4000 2250 2501 8353 3071
24 6227 6595 563 1745 2841 5901 2745 720 7472 521 7989 3269 1819 6079 2319 9085 5047 9744 880 4366 8712 5950 7123 6537
25 3766 4922 8903 6864 5226 4730 1770 4089 6163 7409 4774 6367 8384 9060 9119 9297 7999 7624 7685 4445 898 1951 5937 7837 537
28 7760 2890 5966 16 3331 6822 939 4953 5763 5530 9035 5890 5427 6156 169 4059 1645 5495 6788 1729 1356 506 7967 3661 65 3958 5897 5240
23 8090 6720 4751 2767 1025 4553 5916 1735 8182 4163 7400 1097 4098 585 7622 646 7547 1041 9364 3527 9148 7926 7187
24 5014 5336 2604 9123 8237 8368 7317 1545 9993 239 3393 9609 1536 8023 7262 9137 4755 2856 9637 1254 8953 3404 6974 5988
23 1599 8971 2145 9258 147 4048 1871 2183 1557 510 4813 7515 4838 6905 2259 7582 1180 3526 4999 8247 127 5481 6017
26 3216 7639 2554 4937 3177 2236 9477 8001 177 3340 5121 4153 228 4598 9252 1391 8082 5923 4220 2875 2784 8779 7164 1615 7004 5273
24 8407 7545 3656 6748 8936 6278 4302 6309 3254 3565 3228 5000 5664 95 8210 3046 7943 4863 9684 7461 634 7106 9094 8114
25 6956 1060 1205 3992 738 1592 662 7580 8623 8824 2017 4011 5727 7615 613 4187 9693 5469 3115 3053 1108 3930 6783 8187 6121
24 6042 9460 9385 3557 2221 8727 771 4117 1693 1074 5592 7059 6129 5820 2326 303 9922 7825 1663 5155 9865 7029 1345 1099
26 8595 5149 7439 7020 5181 5868 3346 5125 6419 9324 4856 2076 2390 6892 1382 101 744 8156 329 5172 9623 9978 3196 8077 1313 8753
23 8372 1670 7579 2747 5348 6744 5838 413 2647 3453 1483 1052 3897 8217 5672 6949 1755 3483 6 9082 9828 6823 7907
26 4494 8835 3051 8540 2137 7406 3803 7784 4204 5291 3284 9207 5270 6977 52 8321 5980 5034 9775 2575 2978 3943 573 9971 3868 4690
26 156 3929 8625 5968 515 2748 674 2689 2513 7328 3553 8855 9434 9707 700 633 241 3414 9125 8881 2865 5575 5711 7726 1503 9354
26 9601 846 2399 1560 7259 4394 9133 4044 6531 5018 5689 7043 9326 9050 9683 7410 5708 3017 9341 3133 5776 5173 6916 3308 5717 9192
25 8849 9858 8592 9930 5910 2218 8718 2919 4292 6997 2066 2014 3061 8329 8283 5154 9345 6247 9319 50 5702 8244 5729 5851 6279
23 3256 4754 9966 5574 9504 9571 1759 8944 1723 564 4930 1358 4232 8837 4498 6199 6987 4971 5286 787 4840 8539 7886
25 9740 6294 2459 9408 3836 8381 8848 4691 5314 5083 2780 1879 6006 9794 8155 8056 8098 7269 708 8169 2778 6704 8236 7903 6135
25 1925 4870 6234 1505 9773 6616 3185 5090 7135 8260 1618 3695 673 214 8129 1973 307 2688 2002 8888 1790 749 9164 4512 2155
24 474 8431 1278 6242 5499 8328 1028 7455 4281 6582 9370 539 6624 6837 3418 8495 6023 5684 2421 6769 5110 166 8225 9481
24 5160 5503 5511 9378 5585 6452 5875 9270 1986 8889 394 7532 7199 3499 1941 3737 1116 1617 1183 2393 6495 8928 2431 5561
23 9445 9584 3044 229 9242 4969 36 3086 7466 1214 133 1070 7558 3805 4826 3809 9114 2503 8606 453 4590 8062 2406
24 4671 8927 5865 7742 1390 590 8741 74 1671 3603 1405 8334 984 6653 255 4404 3077 2461 8127 2104 7738 9064 3030 3006
26 9925 9826 5898 1499 4587 8970 1160 6584 6037 7811 140 9458 2657 1830 1221 2312 3325 1970 2361 7444 6541 3510 1939 6184 9403 6055
24 7828 7946 7183 6699 4933 4627 745 6300 8325 3490 1585 6060 7431 3067 2227 5554 8767 9578 6116 3977 5408 1634 6881 5033
23 8220 6154 6003 5460 8756 9943 7163 5023 6225 1933 1418 2324 9469 226 3732 4206 2222 1989 485 9788 3467 6639 3021
24 4768 4581 7638 2815 5693 9936 3784 8628 2178 7308 918 2970 14 5880 7003 847 8524 9132 8010 4326 3239 9398 1473 9343
25 2191 3693 9702 6073 489 7061 7227 2064 5861 7925 4100 3807 2666 6696 1918 3085 5640 3485 5929 8531 7306 9805 5787 2915 7460
26 4467 612 3698 3866 6313 408 6686 2961 4040 2935 4376 5219 9672 337 2387 1161 1578 1806 1987 8557 9603 3219 4411 7856 4461 3048
22 1568 6888 6961 5144 4975 6274 5278 1980 7423 1934 838 1171 9209 7217 8331 4007 6548 3111 8810 5586 8092 1778
25 9049 7031 9128 6125 6519 3465 5802 8358 1228 6238 8605 1401 2077 5652 6940 6343 6967 7051 8280 9036 3752 251 3664 518 7471
28 6428 2090 3128 3987 3951 2966 9590 7719 2322 3648 3545 5192 1754 8350 609 5132 639 9122 2445 1156 7283 6870 8508 5445 7717 2938 5374 1864
25 3387 4236 330 2482 5829 4903 5446 4588 5397 3631 8094 9359 7803 3068 1400 657 2787 8430 8449 6289 1518 3451 3024 2099 4747
25 7132 3505 3385 4400 873 8281 4745 5176 8150 7942 9677 3974 5909 9668 1858 923 6034 8357 8474 9503 1580 1798 6303 3106 9556
27 9742 9157 4481 8120 3620 4887 1203 5637 6944 8668 1709 911 2056 522 2527 4614 884 6695 3973 935 6081 1500 8520 9705 205 2585 1185
23 3832 4808 1863 784 6389 8251 1118 8245 1172 9068 7587 6439 3287 3740 5186 19 6095 8344 5649 2065 9099 3474 9799
24 2584 159 276 9129 9484 1787 1998 8627 2646 7824 8337 4749 5581 9507 8843 2492 6685 9386 1155 7987 7411 8305 9438 2678
25 102 7606 2649 3735 721 899 3037 1242 257 2122 2685 9414 5808 3108 9098 302 9266 2515 6805 6501 3688 3015 378 655 511
26 8786 523 7115 7724 4926 5224 2868 3513 9308 5514 2923 4081 5330 7124 7196 7813 424 8822 5143 9682 9181 9476 5161 5928 3633 2783
25 1999 3123 1271 2512 6925 4710 9831 5556 5146 5547 7939 5847 557 4676 8480 9998 4330 5871 9265 6771 8045 7604 6667 5736 3504
28 4322 328 6635 7603 4252 8494 6359 5168 1792 4140 2325 9618 3368 4090 1963 3370 9419 3231 4143 1087 1234 3561 9348 5615 8146 9422 9358 5320
22 5524 9470 1066 3844 9874 1322 6550 5384 4435 1144 376 9666 5755 7447 6514 9305 6103 1538 8981 5491 2985 7049
24 9988 352 5553 4250 1004 7028 3912 6188 3191 6780 7001 4471 6644 4847 2246 761 2172 7819 5358 2160 1378 2571 9731 4789
28 929 1040 68 1675 1429 1430 7086 2797 8723 3330 7355 6763 7973 6743 3458 3576 8196 7143 7433 1844 5814 114 88 4798 3796 8959 6149 4625
27 962 3496 5934 8565 968 6563 6710 630 3745 5474 833 1163 55 5152 6175 5982 4321 8233 2112 7599 5785 7486 8043 9563 6266 2267 2719
23 2713 8850 5881 7383 3610 3091 22 670 5508 3286 3124 2019 3801 2708 7221 5841 1090 1782 1527 7281 4346 7631 8194
28 3240 2847 1816 8829 4560 4314 4722 7278 1620 7661 9067 2720 5417 4603 8362 96 8773 9896 3714 7504 1696 8342 3841 2618 79 2999 2456 2661
24 1817 6214 854 9120 5654 35 6752 9044 7614 4818 3488 4583 210 2508 6968 7181 905 658 129 8922 4150 7166 6404 9527
23 2698 7496 8074 4175 2642 2247 5862 8055 7706 865 7612 2060 3470 6326 2988 6984 6071 2190 1328 3214 4811 6217 3876
24 4189 227 961 5005 7203 6128 5757 230 3850 2397 1126 1451 254 1828 5741 7832 483 2277 897 8818 7713 5032 2968 6596
27 4473 2198 5942 8890 6410 5706 2738 252 1326 9771 8659 1870 6895 9564 9999 5043 5572 3751 3395 9210 2074 5686 8736 7192 882 5970 1627
25 2803 7982 8053 5318 2574 5822 8477 2924 8455 3199 9008 5546 1736 8370 755 8692 7211 8467 4848 7897 8241 2441 4643 845 3570
26 4830 5334 89 7699 4192 2531 2892 6364 8253 6814 3819 9824 9290 2821 8702 7961 7959 2196 3673 9486 8633 9557 6358 6074 8360 7775
25 4501 5984 1067 5632 6767 4076 4478 9084 6572 615 4064 7838 5108 2424 6075 7206 588 4786 7254 1966 9661 9032 677 764 496
24 2636 1038 9787 3005 4009 9391 9622 1370 995 7345 310 8185 2704 9588 7200 8028 595 179 7420 1110 7551 9613 7861 849
27 934 8961 5653 3781 2166 9489 7538 1340 4630 597 5906 5811 5200 6544 9197 56 2899 6054 2696 3230 8408 6139 640 7617 6798 119 1868
24 1769 1752 1531 8950 3845 4104 6826 1888 7955 4869 6082 1662 938 3820 705 2827 7 3990 3163 4459 3760 8270 4963 447
24 3075 5113 3295 1659 8176 3984 2457 9921 3817 1459 3705 7948 1706 8860 1351 5692 8705 3087 5234 3998 1115 2075 7885 6730
24 3511 2793 5077 6983 678 971 1904 2001 7484 4873 7589 3132 4148 2568 8827 246 1335 8229 8739 4907 6356 4412 8743 5269
24 445 182 1139 6445 9428 1487 7526 1895 1427 3392 2818 9694 6757 2125 8226 8491 4604 1157 2102 6903 3559 1937 1184 3531
27 6950 1492 9037 446 6402 4186 2201 9961 5170 1777 3176 9087 3020 8639 4343 9616 5287 2929 1582 1159 2240 9608 8515 8893 9866 7178 6625
26 1187 7179 9361 273 7575 5102 5671 9184 1174 4724 4831 9839 2408 7620 8650 623 4955 7273 9730 3964 5735 1374 1786 5569 340 3634
24 9696 5952 7636 9515 5682 8673 8528 3280 9857 76 6406 157 7184 8373 3602 8537 4894 8354 8126 7287 4138 9045 7850 1993
26 280 1734 9732 8439 6643 5163 2525 6357 1206 8939 9845 895 2006 5662 7912 1265 9911 6383 9834 770 4569 3910 4615 5543 2371 2504
26 3590 3198 5908 1024 2013 4628 6027 3151 3654 3774 7503 8284 8345 9177 6904 4509 9465 772 8930 146 2437 6499 9912 7246 1136 2630
23 2765 5209 3694 1795 402 7405 7745 594 7753 6954 6137 7058 9355 8221 5628 4742 945 9879 3478 2214 1105 578 1793
26 4891 1204 2795 544 4327 6520 6580 5079 5748 8483 7473 4952 5367 7114 3409 3596 7879 5931 6243 1953 1669 4664 8165 2716 2249 7063
23 2652 915 4214 5258 2569 6205 3388 7330 7377 2724 2428 7853 297 6288 9429 5663 542 8838 149 6366 240 7474 5690
26 8698 4662 5886 3524 4739 3318 4350 2274 4652 4657 5701 7560 6187 1188 5718 3599 1789 3822 4211 8719 2483 4369 4973 4954 5050 3642
24 5030 6785 2940 3733 3669 6112 7078 1207 4684 6454 3456 9233 6692 4750 4043 5733 6604 1077 5140 2434 7858 6722 6264 3375
22 175 1746 7449 1123 2710 2310 3675 9529 8008 1176 8436 7033 4693 4596 1379 1026 8951 9977 7595 6901 5960 4539
26 4065 4765 3306 7952 3528 1253 943 1676 5059 7672 5852 2973 4157 5214 6807 7578 8444 4429 8021 757 1005 4360 415 7900 4058 124
24 9957 7698 5400 3949 6395 8506 1310 7401 5297 1395 9228 2354 9931 1173 4836 6736 2880 6109 9205 1337 6532 2544 6587 202
25 6668 5472 3050 8766 250 9939 5142 2725 1493 2826 1056 729 5804 3129 4438 6965 3615 2861 2476 7139 2926 1812 5344 4354 2611
29 9435 7609 9117 3519 2535 208 7149 7467 4550 5976 9908 5137 8035 5800 9024 3650 8034 5655 9749 3916 3900 3787 2374 7524 8018 8895 951 5257 4977
24 5062 6671 7394 4957 3898 8266 1440 3683 6856 6651 9651 7150 7586 7700 3204 3638 5338 1922 5981 4367 426 7214 7997 1177
26 8078 8177 9951 2756 3405 8012 8517 2722 9368 4906 1128 428 1482 1063 2581 7514 2839 6195 4939 151 284 6887 8695 3328 7839 3107
23 3611 7529 2469 1855 6566 794 1083 3989 2548 7830 3317 9430 5643 2229 9144 8459 5544 7665 7220 9713 3653 1678 6164
23 994 9202 906 9397 232 3558 8249 4997 2100 9007 8814 6742 222 912 7208 9746 1979 5589 6293 581 3607 7841 2494
26 9488 8364 5115 1049 289 4015 9425 8760 1069 3771 8279 153 318 4814 5295 9981 6058 8086 765 6342 8902 5459 3601 4353 1946 5392
26 3353 5097 1036 4046 9147 5435 0 9451 358 8652 3146 7941 6735 8489 6362 7795 4103 2488 8525 8212 3413 1912 9065 9023 6633 8392
26 8858 4796 3312 2169 1608 8575 5714 9848 2176 5584 9029 2465 2220 8498 9276 6494 4202 6314 6047 4613 4155 7683 6311 8317 8470 8805
27 1566 4980 9366 7251 5310 6868 2609 9880 5700 972 7935 3310 7157 1774 920 2951 3535 3880 7640 2471 8738 2302 717 4384 788 6157 8314
24 602 9441 2933 8162 979 6007 3741 3170 7468 4665 5791 9010 9091 7763 1537 6739 3999 7092 4449 5337 2844 8105 8744 7911
26 3233 2332 5545 2253 443 6099 2136 3215 9815 9057 2080 9769 4723 4421 7778 9528 8571 4770 4142 1646 1447 8527 5430 3840 4235 711
24 9211 5475 479 2003 8072 8564 8389 4388 4898 2590 2643 3778 2464 3073 7189 9614 4606 1513 6239 5101 7280 8290 6133 2623
27 5370 5049 3333 659 6681 9937 6379 2950 5900 4095 2068 3975 9278 6945 1894 1057 1336 2460 8301 988 9859 6981 7618 9001 7089 3540 9255
25 7382 3383 7581 2252 4152 8111 9107 9339 2943 4892 6192 3568 2741 2658 2299 2344 97 8600 5264 5624 4270 2927 4981 6842 233
26 6497 5917 3150 9640 9241 365 6817 3711 1683 161 5404 2184 6253 7146 5943 2466 2173 1273 6568 9013 3498 732 1509 8986 6680 2791
26 3720 4057 7384 7177 504 4673 8581 9883 7802 5347 2977 2759 8341 6365 1456 1169 7585 4879 5283 2117 5009 889 5907 6332 5042 9558
26 8995 3628 7014 6102 4391 8442 9289 3481 3825 6085 909 7623 3026 1783 1950 9928 7070 7548 162 3613 5091 6713 5795 4841 1559 9969
25 9890 2855 7109 7482 5796 3830 1602 1688 301 1044 9365 2645 1530 5737 4656 1584 1190 1569 7562 1685 2866 5747 9573 3555 9847
27 5919 4246 9797 6459 4386 4248 1441 3479 7369 841 5659 7906 997 5063 5994 2256 9717 4023 8 9574 9691 1311 2991 6533 9474 870 7348
24 9475 5756 2005 130 785 9238 926 9093 9793 6178 4180 6502 6594 3574 2333 3728 8570 346 186 8243 2779 4237 212 7194
26 2993 6610 528 8083 1178 7408 2375 1344 1897 21 8294 8769 8371 1094 3674 7236 7428 8208 6641 8748 4463 1633 6222 4698 824 9204
24 9168 4568 5537 1597 7845 3019 4358 1064 1089 54 8938 3700 8882 1047 7823 7141 7160 2621 9433 3066 1576 575 4268 7272
27 4804 9498 9166 8324 5724 5323 4545 1532 9812 9497 9287 7088 4113 507 9641 6394 1901 4253 3689 5719 7734 5402 7923 5231 7174 2786 9510
25 5383 3482 5751 5020 397 9302 9725 9531 1092 1319 3685 3828 4332 1439 8599 2407 9626 7241 5494 3726 2294 1287 172 8298 4184
25 7642 2785 1410 7026 1465 1562 8957 8036 5975 4124 1045 7846 4218 2348 2224 9405 6839 4554 7113 3626 3848 196 3816 3008 900
27 654 2864 8017 5185 5308 5860 7572 1299 925 7875 7645 5828 7104 2632 5191 263 4070 8608 2733 1827 3994 7457 566 3406 3101 5473 2942
27 601 9336 487 8049 9268 9549 6859 5772 6472 9575 9862 9739 1968 3983 5730 7155 3162 6896 1949 712 2177 8002 8068 796 8918 5551 4821
27 746 698 3899 7351 8820 2775 4486 3203 2403 1852 3434 4428 2811 4448 1552 5590 5773 591 46 4022 3947 6659 3842 1385 4923 6898 3057
24 9872 8434 6258 3953 6485 5424 3192 1120 5028 4945 5766 4743 1457 4112 3113 9783 9234 3874 1443 2405 6324 9987 9100 6413
26 4303 5206 3867 2506 9963 9546 3100 5434 1168 4284 6665 2413 965 5076 5212 9511 7041 913 8340 8101 6679 1974 2093 4680 5621 2367
22 5939 1862 2140 6262 5925 2179 5068 545 1742 6908 3514 8401 6487 7098 2628 7263 4468 8788 1404 2911 5836 2217
25 138 7793 9756 3350 5148 1283 6212 9853 4460 3797 6368 2730 8550 1469 335 7093 5321 364 1497 8802 1594 5882 5526 5591 7722
25 5465 9718 9522 8052 1264 1521 3604 8912 38 4882 4425 4368 6521 2307 1565 6571 3793 9657 6248 5812 2498 7050 1369 6564 9941
26 3875 6001 1807 8841 3702 9915 9329 8292 9153 9090 686 8665 1262 2551 5646 388 7438 6527 2974 8069 8428 754 7121 8830 2493 5707
23 4397 9933 1260 2359 33 4758 1519 1419 798 8691 2944 7099 6380 5394 3824 2726 4899 7204 2694 486 2041 287 3748
25 8598 9913 61 3518 309 3225 1151 7038 4888 2052 2416 3303 3889 1122 1346 1640 9518 6589 4216 543 4783 4517 2189 6960 1637
21 7781 5675 2752 4181 2591 6559 168 6849 6829 3477 7378 2945 4086 7786 3221 735 1375 9778 1672 5021 7641
24 3562 8969 9224 8327 1076 5376 3905 8876 8224 4823 1436 1847 4317 2231 5340 8403 8048 2317 113 948 9143 448 5789 2659
24 5325 5041 5112 2168 5683 319 1839 9970 9952 4601 6291 1458 9421 2111 4470 4475 6193 9048 2079 9766 7517 9767 341 5644
27 2830 1348 7922 2914 15 8050 8968 311 3429 3166 1000 3174 1952 2743 844 1876 9169 5385 6469 4203 2356 8852 6408 2088 4890 2587 9786
28 2995 4390 7173 2971 8549 2101 3040 2331 6535 7664 7039 4667 6601 8807 7102 6453 7500 3248 5078 9512 7821 5922 4705 978 6203 491 1791 98
27 3902 6931 2205 7060 9076 8250 3997 3480 1304 1256 6354 3134 1553 4280 2315 471 3261 8674 2816 2655 752 7601 652 9030 3074 126 4978
25 45 8468 3679 9559 4018 9803 7513 3587 1219 6412 8505 9833 7233 2287 6539 3419 1043 4711 7193 5873 6688 8484 9995 2296 3769
22 286 6463 9033 7974 9955 106 6186 3813 3955 8020 7265 3672 6628 2029 3342 7302 1031 1686 7810 3092 8945 8696
26 6891 5528 3462 3744 7668 2238 7675 4874 9690 7334 223 1948 5947 8759 7292 1286 9920 3365 3309 6281 4721 1209 9900 368 9152 4915
25 7277 8546 8399 4824 3907 73 8620 8783 7097 353 359 986 5606 1517 2714 8029 5060 7571 3862 7512 5764 4984 641 3202 9154
24 9888 1846 1148 3323 8375 4221 6057 7024 4178 7000 3543 1885 6111 3125 1652 742 7274 296 6086 9679 6637 966 4771 4585
23 6424 6200 4458 8261 706 7022 9565 6652 5183 5036 9249 6298 9923 8031 3193 4372 8457 366 7228 2264 9463 2957 7134
24 7229 7395 1976 1220 5188 8911 1193 7071 8967 9466 9185 7725 4335 6223 4738 4987 8064 4536 2443 8929 44 6041 4135 5638
27 7186 1312 8797 4034 3696 2401 6411 2853 4736 1668 4266 3011 3054 2540 5239 1240 4261 3915 4285 7945 4209 4336 8533 7731 4586 7555 5618
23 6392 8039 1751 6382 3292 1236 6244 8005 1317 3546 7432 3010 8490 4146 5806 3852 9230 6089 9789 2197 8559 6524 819
24 7148 8657 4239 5520 8681 513 4640 5856 1908 2852 2800 8732 2593 1623 3255 867 6477 2545 9342 3727 501 7066 8265 4881
23 2378 90 6640 8063 2768 4231 8441 6069 1825 9871 1544 4851 6350 8587 5630 1251 1699 1570 1583 7730 3522 4345 7341
27 8669 6729 5794 2228 6237 7430 6634 3520 8700 9375 6449 6941 4277 1114 299 4541 463 9088 8664 3676 2896 859 7970 9894 8268 8307 8096
22 3756 4169 3268 6922 1804 6854 5322 199 2878 1771 6134 2798 5419 4837 1334 8079 5300 9524 6577 9293 8784 9770
24 2648 8590 1285 8566 2755 9263 2468 6676 9415 4958 5550 6206 3446 367 9387 8420 4763 707 9061 7048 7477 8272 8583 8909
28 681 7855 9747 3149 1197 9907 1414 3780 6084 2030 7863 8721 7712 2739 6220 6518 8171 6958 3337 2159 7902 9686 8955 4702 2881 2059 2157 2907
27 5832 1143 4259 3264 3139 9625 5857 9795 4025 5055 7243 4591 6025 7242 989 3437 2727 1732 6789 7550 5933 3864 2285 7746 937 4256 7936
25 2265 7216 7694 5668 795 3079 117 1127 550 6609 1329 2116 6010 1667 9312 4623 490 1733 9938 6917 4416 6921 1323 9697 9982
23 4052 9662 4433 3914 3266 6464 5228 4575 7062 3364 1695 922 5443 8295 5493 4853 3497 4403 2063 3710 5398 3381 3517
27 5254 8383 2777 7985 837 9721 456 5396 7316 4559 7284 3563 9501 5972 131 3043 3222 7333 9271 155 3995 6797 6717 8658 5317 1522 7215
25 4960 7794 2365 6250 9811 5448 6299 9990 8309 2055 3606 4456 6272 4276 8972 5098 4359 4876 4324 374 1449 1820 8792 9410 7540
25 5326 8432 6664 7295 4126 7185 6286 1725 1096 5327 1303 603 5202 2219 3109 5131 6777 6270 5271 885 7619 3859 6161 8132 6301
25 27 7335 4455 8714 792 9864 6393 5355 3506 1460 8956 3812 6044 3786 9011 7218 180 9337 5641 4563 3426 1474 4257 6235 2480
28 1048 3827 7871 6778 4195 6746 4273 2679 6344 6914 5768 3094 4423 1507 2979 4570 6400 6064 3738 7250 10 1874 2885 2505 9586 953 9404 1428
23 3209 1021 3 2912 6658 8488 3212 9127 3622 1936 1353 2226 3885 2723 4846 1324 4362 9620 9517 8416 9071 7608 8465
25 23 3630 6623 2860 4200 9407 760 3427 4110 5793 8089 6115 5761 8422 6384 9567 1823 9298 9306 8632 9886 9962 8731 7697 6511
27 3922 3247 7475 9592 2701 4948 2541 4193 111 3313 7785 7949 178 9299 193 3473 7083 6132 959 1658 7498 8690 1815 12 9968 6173 6271
24 4949 656 1421 2126 6816 3326 4562 7304 753 7340 3981 8621 1383 7248 8271 992 5335 8704 2529 7644 1981 4352 4712 5178
25 820 7494 8481 7416 2258 4387 3243 261 4489 7950 8801 6809 4551 5924 4051 4534 7103 8984 9105 7454 826 6818 1263 5432 1921
25 9155 8654 3950 5416 2637 4452 3158 9420 4374 2262 5438 7130 3344 4496 1581 8016 7398 3097 142 8287 2328 8219 4197 7399 7534
25 4119 9257 3172 7279 8966 9356 9395 9851 3487 2986 9116 7459 7112 1719 6786 3432 9929 2662 6458 242 2109 4584 1446 4339 5065
26 8607 9136 910 9073 8421 2536 9186 848 790 4201 4379 5332 6716 1137 4883 3971 7994 599 1394 5339 5316 1277 5985 1288 1954 7260
24 9692 5532 429 1644 343 107 5277 51 3402 5352 7860 4351 1927 6146 6476 3539 1884 3789 5364 1529 7289 4580 3366 531
24 8315 7539 5529 3099 2479 6794 8913 6738 4413 3379 334 6337 8355 6302 461 508 122 767 6602 3938 5196 7002 1315 1596
24 13 9054 4088 9352 952 4867 2908 6328 8593 5169 3795 7919 6166 1488 1495 7133 5858 7818 6702 7342 2627 9869 7315 5674
26 7914 5608 4996 69 629 216 9892 8588 1564 2426 7404 861 7307 4555 8310 6875 2127 1455 5437 5305 6782 5294 1361 3979 4556 6576
25 558 9942 9042 4784 2622 5302 2960 7651 715 7282 1919 2675 4161 382 2283 955 2271 3052 6642 316 6569 7125 7261 4111 1298
25 5777 2241 8781 9785 1239 236 927 6331 1872 4028 2577 5306 4128 4167 4434 4162 9005 4744 6517 6260 4961 2054 8487 1551 5486
26 4801 5613 8400 9384 5210 1674 6990 5639 4931 2028 3194 7267 8278 9792 1664 7909 1224 5393 4928 6455 2732 262 5256 9388 7654 1651
25 2996 2836 8547 5182 221 7361 9182 4432 2286 8677 1880 6878 5093 2753 6802 1710 4405 5745 1534 2619 3141 6828 4592 2582 9018
27 7313 1424 5345 6889 1053 5368 9439 1836 323 648 2887 2314 3220 264 4328 4085 9779 176 6934 9493 4242 7754 3614 4479 1550 2952 7774
26 5057 5944 9791 5483 627 1760 385 4377 7671 3035 5998 5162 805 305 1416 3639 4493 6083 4159 6031 1481 9291 621 4548 6240 7652
24 9392 4878 128 1325 4408 8006 9648 8000 4500 9363 6693 710 3646 1636 1832 4406 8313 9758 5165 1331 4681 6929 2829 1635
24 4753 8246 8851 4802 7986 7016 6994 1302 7812 6586 9809 2165 1308 982 6432 2200 8671 1355 4462 5946 8164 9003 2561 8395
26 4760 7448 3064 3291 9825 9350 4325 5843 7709 5279 9628 2761 6418 7212 4557 4787 3718 8703 5788 1107 349 5515 9208 439 8774 470
24 5147 1037 3612 6016 9121 5887 7415 8617 3435 4417 86 6170 1225 9676 154 5089 1153 195 3352 651 5813 4735 5562 7559
26 1574 3551 3618 8733 3380 7980 3667 7441 5969 5071 7767 4092 9250 8015 1135 270 6009 4299 8138 6333 8071 3521 2559 8516 3305 4659
25 8502 8125 3682 2353 2519 1198 4205 7703 7407 4720 858 8675 6706 5622 514 1741 9944 6373 579 2363 37 7991 3083 2901 7756
23 3423 9248 7552 2051 4093 4642 2707 1007 4272 4844 8661 8332 8378 1496 1632 7632 5979 5328 4624 1682 3289 946 411
25 6845 4797 457 5127 3411 8924 9619 8638 5490 8832 8507 4919 6375 6930 1403 6336 9801 7034 3022 5538 3014 4274 696 8964 4037
25 7337 34 1809 5251 2840 3573 4315 8687 2230 7766 1321 4617 6772 2187 762 1291 7446 9449 4036 6040 1237 9698 9383 8768 8009
25 9321 3878 5129 6677 5744 7691 3489 2415 2955 5951 2495 1972 6741 1272 3319 2690 7826 2180 723 4993 6943 6397 2273 9860 1508
26 2414 7343 6936 3391 1165 3182 9675 6015 4822 7068 5894 600 4779 2982 494 5487 2164 6900 2081 2347 7933 7666 3369 940 6498 7162
22 1833 7984 5247 4165 5580 1810 987 3986 4825 7740 4477 4934 9174 8161 2932 6101 459 5521 2703 5845 9188 2497
24 4078 5136 9956 5151 3804 6167 2158 5407 2078 4582 924 1294 3616 9560 2128 8300 7325 9649 1017 1930 3547 1015 6737 6632
25 3363 5557 7929 8530 294 5307 3619 4880 7629 6666 2050 6728 4713 9424 4727 6946 7225 535 3965 6733 18 105 2345 2594 9932
25 804 626 336 9751 163 3541 2687 8211 8214 7877 2500 7276 449 583 524 6381 8785 3980 2597 6053 6534 8376 7741 8619 3143
23 1141 9820 2876 2293 9967 8746 7960 4938 5189 6138 5405 6508 4373 1673 4868 8869 1332 137 6911 8637 4600 6969 6441
23 586 8205 1590 9636 2339 7239 7142 1423 3431 527 4045 8338 1567 538 5799 5194 9275 8065 2427 5391 860 9829 8385
28 9191 3665 8297 8778 7625 704 3297 8256 363 1849 9780 7443 6684 7238 9852 3552 3184 6853 6004 7391 9379 9536 441 2422 2105 2031 4875 8932
25 8141 4066 5914 6973 5726 9599 9172 4641 360 7525 1085 2534 5006 5971 6924 1654 2625 1619 5656 6848 3112 9320 3226 8412 1363
25 5801 3765 4650 7230 8693 7842 6470 4190 2097 5096 2877 6836 9292 6353 3327 2598 9142 2831 8173 2612 2721 6360 4791 6142 8629
23 5046 7235 5156 4910 6779 7561 431 1158 567 1490 1314 815 9140 3293 4861 1722 6144 8104 3459 1333 4674 2349 7577
23 3025 2152 4 9980 9485 1821 7743 2867 8976 5080 2939 5378 3359 2886 549 7085 7224 8940 8555 6867 8228 7978 5208
30 9246 9227 4318 82 1740 6551 3348 7751 8641 1020 3105 384 8248 863 8601 9617 5081 7040 7314 5061 6349 4245 2377 4176 5017 9041 7968 5698 3829 3386
27 8551 6980 5973 8438 1600 9719 2301 975 7592 9203 7082 5289 3321 4633 4080 2034 5498 100 1201 9226 7736 5381 218 7090 1891 4014 8879
26 7674 4616 726 6928 3278 5990 5912 5670 5739 1767 9281 4565 4147 5993 8223 5731 2792 5927 2458 5753 2905 8567 638 1270 8351 2925
24 2823 5467 417 6113 8320 9183 6764 5366 741 237 6484 2671 7564 8087 3884 2592 7780 6158 6636 4959 9934 5859 8574 4171
25 4466 1130 1712 8745 9416 8277 1542 1657 6523 3336 6813 8826 9002 3961 1195 976 6549 3296 206 2282 1834 2706 6442 2879 6835
25 9284 8170 9131 1554 3731 2266 9994 9317 3484 9092 4179 9367 7739 8168 9040 2521 1748 2958 8998 9176 3542 8994 4913 9296 1911
22 9887 8227 1275 593 7464 9554 4363 7122 387 3585 2185 6119 8667 5123 8303 5893 8157 7360 1728 9113 1211 9478
26 7138 6062 6857 6819 7323 1776 9665 5457 6675 7761 6999 8231 7288 1892 5540 492 9021 1611 9846 7535 9402 3996 6002 3457 2532 4576
26 6570 8523 2693 7367 4567 5052 7296 8274 4679 8067 7596 9179 32 3495 9047 618 5617 6682 139 4651 5180 8058 396 2143 9161 4916
25 526 5535 4994 2570 6481 6427 484 3887 5100 5311 1371 225 8886 3301 6884 5825 9480 7507 9357 5243 9022 6654 3652 3826 3952
22 4523 9213 3643 3954 6554 6902 6236 6097 8894 1630 5848 5220 8200 536 8429 8795 118 9063 9576 480 3468 8694
26 2381 1364 5237 4415 2049 4278 8365 2318 3398 4921 331 3879 3894 7882 3047 2564 9487 279 3357 410 3374 4631 3207 4832 2936 9837
26 4611 6257 8740 5462 1051 6275 8046 8897 4263 8808 8611 5691 9959 6540 2278 5485 9509 4924 9199 1843 6209 7602 181 2268 7593 6065
25 3491 2496 2954 170 2343 4030 3335 2470 1121 9889 4431 8931 8115 1029 8610 4207 6124 2118 6372 9496 4255 8708 5609 8240 5211
24 8472 3324 6374 2677 4282 4385 3500 4792 1643 8857 1147 3003 4072 3376 2639 1561 3307 4342 9450 9953 7544 451 9838 75
26 5835 4447 144 9621 2664 1095 2409 9733 391 2188 3893 4120 7385 4492 9653 4056 6964 3217 4849 8202 4038 2269 4561 1928 5365 8670
26 3104 3501 3442 4817 7412 383 1883 7091 2040 322 628 8787 5775 4125 3890 2660 1649 7954 5765 9201 3948 4337 4682 4683 2895 2254
23 94 810 6871 5826 9520 8257 8553 9442 868 7429 7344 1409 2462 9534 4649 1463 9259 3023 2398 5527 1967 2804 6804
26 4260 9075 1835 571 4530 7541 2613 3304 5429 8047 3982 430 1914 559 3886 3571 2420 2650 853 8359 4790 9878 2211 3148 9882 7021
25 671 476 5245 1100 6255 5303 1132 203 6224 2389 7025 4761 1511 7834 8757 9726 8612 6196 9468 4979 2976 20 2123 4965 7688
29 3236 9440 5324 2 1175 5117 7381 7880 4457 204 3835 9173 8616 412 7346 99 958 4740 354 9294 3394 5625 8091 8326 7376 2990 891 3872 2338
22 2550 7689 6790 5126 7915 2937 9126 1548 5249 339 6100 6180 985 2602 6700 1687 2199 3706 7152 5918 2213 9418
28 4398 9591 49 3919 1210 2346 9975 437 2558 4687 5441 8775 2576 5095 5505 5199 7129 7570 6558 4102 8905 2491 7705 497 9615 2556 2528 6159
24 327 7096 5128 1257 1604 3854 5369 392 8144 6486 9344 5356 6306 2379 8921 9239 2676 8923 5709 7523 5809 9774 6626 5723
25 9031 8118 7543 1969 6369 8263 1259 9089 116 5265 6208 1453 6991 7737 2663 1684 1984 6370 3577 8554 6308 1071 8151 6952 2681
28 3187 9538 3027 5031 6283 2053 320 8463 6312 8004 290 8013 4136 4985 4829 7171 7733 9471 3371 3282 9663 7445 2987 4646 4380 5375 9555 9700
25 6557 1247 3302 2037 3367 1131 5167 7356 8486 8917 5124 2276 6457 3250 9427 4654 9701 8361 4620 2376 8522 3959 2008 1851 4188
26 8453 6992 6620 6516 2352 740 1368 2680 5119 4401 529 6915 6398 4365 3939 1886 3408 829 7565 3591 2884 7616 8916 8037 4419 3436
26 1539 5213 928 6005 5351 8679 7927 8541 3785 7670 1647 9655 249 6996 6451 1781 6938 9875 8817 3725 8647 894 3940 7729 5930 697
25 6543 8080 5349 3373 6966 9315 5570 4726 9012 8106 1721 5067 8578 7159 1763 8198 165 1945 9638 8985 1119 1464 4708 4605 9918
26 1641 8492 4966 5522 2018 1258 3715 6630 5175 8562 8335 3251 4855 4700 3837 9674 6387 3433 7226 4912 3713 1279 8750 9723 9645 9784
26 4852 1125 9685 4917 9096 8991 5433 6747 6860 5601 2699 3730 231 6462 4244 268 6020 4198 2773 8102 823 4884 7156 6189 1268 9958
23 9288 7695 3932 9816 6105 851 425 9976 4443 8989 7588 4839 407 6759 4491 5866 6420 9101 2962 2308 4827 7934 3116
26 482 405 9699 1715 7637 3205 6978 3156 1431 1002 2020 1642 9455 3211 5001 2047 3690 1200 3294 6799 25 2257 1881 3345 8715 419
22 2156 3471 2472 6995 4313 3556 9854 3229 8734 5451 751 2206 1848 4399 5362 3140 7452 197 2862 8061 1150 722
22 7735 7309 9052 9115 6844 7768 5235 9110 9855 877 713 4522 1338 9901 4982 1072 4267 8203 1975 5489 6088 2810
26 2672 1191 6970 9836 3680 5138 4521 1971 7771 7554 4986 5075 5786 9734 887 5853 4301 3523 2340 7440 5864 4224 321 3279 362 2994
24 2452 2330 2304 9754 7087 5784 9436 6515 2509 3277 6882 2682 8796 6545 904 1213 9396 4816 8160 6745 990 5507 3857 2149
23 8128 7421 4909 6177 2167 1750 5274 8042 1349 4223 2463 7962 1068 2432 6417 8662 3739 783 632 2203 6883 2809 6216
26 1466 5388 5938 7752 1267 6731 4692 2194 1189 6287 8899 8925 3271 8990 8158 6863 8868 3564 7862 298 9903 856 6059 3161 1001 6202
26 9180 3533 3534 9273 3036 679 6162 6263 4130 3121 9844 8475 8975 2113 6232 9566 5620 1475 5452 9034 6833 8782 2904 2807 7996 7899
22 9814 4807 9175 304 4597 9240 4885 5647 8844 3926 1873 4378 5248 6649 8800 8806 876 6339 2567 1916 6947 6051
25 666 1425 8513 6407 9678 572 980 2132 2243 9821 1796 4748 3692 5026 6396 4389 6307 8473 267 8556 2533 2275 3138 6830 8618
27 719 436 1140 5612 6421 1677 164 8154 9737 5238 3670 2946 4294 2967 1142 5790 1720 4725 2605 269 6489 8685 4196 6052 6755 4897 4964
26 1965 8504 1860 779 6718 5 3103 6979 2039 4857 5963 907 2404 643 9996 4737 414 2026 2750 4772 932 4666 9947 7772 265 7887
26 7782 8404 6475 3536 7679 9494 4472 4004 2542 9842 7983 4132 7809 2225 7681 803 7635 9237 5563 6723 7052 7807 7930 2737 5227 4275
27 4141 773 3260 4436 4476 1300 996 2233 2552 4579 8215 5661 8963 7075 2043 1780 3276 4499 6937 5607 6852 6986 6077 8117 3218 8167 4678
23 9594 6959 6935 3762 879 7158 134 7393 8649 2654 1988 1244 1452 6851 1117 3329 631 8863 7197 1957 9244 5915 6588
26 9159 5008 8356 1772 9735 5313 4795 3299 2281 5413 3407 5290 8066 5230 9232 4054 3594 2580 4234 2089 9221 2667 9542 4422 7718 7820
24 275 548 5387 5051 3049 7489 5821 2071 8602 1182 3629 7290 9453 5447 6939 8397 9146 1297 6631 7791 5559 3970 5779 4331
25 9360 3856 26 5997 462 4514 8914 4158 7305 4440 2502 3147 1498 6846 5958 5810 9706 3475 9245 4484 4319 9124 5650 950 4901
27 9447 702 9304 7144 1593 1944 1525 3777 3908 59 8437 1698 7388 30 7630 5464 1480 9516 9639 4558 2336 8777 7770 8582 2291 6561 9741
25 8299 6265 2640 4144 8865 8920 4348 7765 5749 6590 709 3942 9810 9426 4911 6297 921 7857 6838 6181 574 3645 8514 9109 5987
27 1717 7030 8134 7481 1016 8711 435 1610 2947 8511 7958 2044 5782 2817 3605 7353 4706 2665 7067 7137 8635 312 455 1486 6320 869 5738
25 1938 3775 8875 5086 7728 2920 9745 9220 886 778 1034 3028 9716 5056 398 774 3966 217 8789 1811 1470 4026 8978 4635 5823
22 152 1437 4803 2614 9027 2762 7755 1622 644 6352 1856 9757 5614 3549 1850 7266 4409 9277 806 7764 5953 6014
23 6791 8870 2350 6292 606 8645 4247 9376 1867 9072 6388 7831 3213 6617 2754 9083 6346 1501 8252 399 587 1991 4329
27 2563 5721 9632 3009 3332 970 3439 9314 6567 373 4504 7990 7077 1905 802 6334 6792 9401 3792 6886 6801 8192 6251 5633 47 4526 7690
26 3815 1842 502 1926 8884 4069 9362 6233 4941 7108 8413 5974 2617 3896 4149 7975 7350 967 1510 6880 5319 9924 1393 5667 9650 2103
25 8057 1468 2305 4655 6341 2728 1082 7352 1320 1280 9118 4637 9630 7081 6120 8230 5421 1381 8014 4426 7711 8803 6776 7806 582
25 7584 3179 1113 1520 5696 5066 6049 8076 8655 5382 4990 5118 6873 8597 6323 3013 2910 5267 7497 5363 7977 5660 4619 1399 4131
24 9215 7720 2418 1417 1758 949 690 4524 9885 8943 3834 2114 3677 9323 8396 3466 9009 1703 11 5677 1227 7852 3403 973
27 9106 534 8166 6155 663 6753 7110 8460 2207 5597 9332 8861 9160 4371 981 6403 6689 4595 672 1605 423 1628 4905 7463 8070 9431 5666
27 9714 9764 5846 5965 7084 1558 7488 4298 6538 5769 5509 5064 2153 9303 680 5695 6078 5003 6505 6122 1506 6273 1958 5734 4714 7805 2518
24 5482 688 7979 2633 3443 5218 2142 4527 1837 2255 5497 5048 1726 775 5899 2045 5164 6131 5011 857 427 5712 3472 4347
26 3636 4349 6687 350 5598 8954 5850 9870 1692 4544 4344 2686 9552 7013 8529 5242 4357 6605 5141 6316 4108 892 8011 2814 8387 6614
27 6319 3681 850 1398 7773 8201 8235 8123 2835 3863 4002 7247 7005 693 3567 9295 2133 72 1084 1274 7301 8836 344 5548 3956 6598 85
25 8545 8386 1014 2048 1241 3783 2794 5502 8689 9689 8538 1170 2872 8461 801 4972 488 3933 5341 5728 3237 4532 556 7655 7502
25 1386 8366 7219 357 8594 7988 6615 472 7131 7873 6098 2004 4578 5135 5268 8847 2087 4451 7506 5992 5599 9710 8195 6732 8636
28 3145 314 3575 3582 931 4495 1541 6436 1609 5687 1309 2606 7792 6147 4109 1 1656 2023 5722 1514 9539 6899 2626 7677 8596 7319 4254 5517
24 4469 6093 4535 4834 62 1784 5312 7036 3454 6176 580 5114 6621 6712 5986 4854 4154 7530 7892 5120 7396 1295 5681 3818
25 7427 8183 7358 5134 1737 919 2608 4134 5074 135 881 5024 5504 5519 7499 6466 6775 7797 2073 6241 8306 2385 7470 5991 4300
26 6507 9417 7611 7519 1794 8572 190 620 1226 1935 6143 3920 4756 6953 5573 326 3736 5888 160 695 5819 1266 7435 1027 7165 6405
26 7849 1035 5555 4480 7147 2429 541 3770 5133 7076 4689 8591 4420 4488 4893 7079 9530 8496 5626 7451 2553 7505 2094 24 5635 960
25 6982 3460 8282 4622 4677 1994 6727 2674 8603 5070 3110 5329 9158 7859 3684 2631 4865 348 9313 9610 3438 2731 6762 825 6090
25 3632 1556 4715 8701 7375 3651 7111 6715 7776 2092 4160 3747 669 418 444 1757 9843 9206 5932 8112 5466 1655 1727 4516 1766
25 377 450 2186 3283 8239 6874 409 2538 313 5818 4696 7118 9390 1535 8758 2270 3976 776 4427 8742 3351 3311 4793 7908 2634
23 5673 2202 3640 2555 158 93 9499 1218 6456 4599 3065 914 379 812 6827 8452 7594 821 983 8935 2848 4707 7326
27 78 6021 8983 6117 6910 4716 3267 7347 5512 4370 1104 9502 6018 2082 4177 1616 4648 4991 8856 4920 9198 1281 8749 3719 1739 1665 2084
26 1109 9328 9743 2858 6444 703 8349 4444 7462 6191 8813 5428 683 8149 2475 5594 4164 9316 7170 7389 1086 4450 9353 2400 9544 2894
25 1472 9868 6030 1913 3114 9406 530 9260 3791 2539 2833 5716 3963 6204 8107 1563 5179 6645 7017 9569 9074 6972 1010 8898 8799
28 2146 7222 4170 3763 375 3186 9533 6276 893 2931 300 3635 5817 1838 8762 3927 2411 8304 7479 8181 7501 1731 6709 4872 1079 3038 7153 7917
24 9282 5564 3396 2239 8293 5223 5523 8213 1915 3721 1829 6321 3343 5989 9162 3566 6194 9399 4265 9069 8846 5948 2530 3595
26 6330 6770 8934 7707 6322 1138 3281 4003 1248 4047 9964 4612 3941 3389 2341 7848 438 8312 8209 4485 9905 4320 8987 2516 5410 9212
24 4661 6597 2715 5895 9150 2873 1282 8022 2477 6385 4988 1489 7696 9712 3799 9647 5288 3189 8716 5158 4381 2616 3159 2436
23 9413 1896 874 8697 1055 2433 4289 2547 2124 1744 6026 9547 6376 481 1230 4225 6592 8706 7972 7413 9765 6942 5921
27 7426 1660 1196 665 1059 9777 1373 8478 4589 6160 2009 933 6429 9800 9283 4645 3776 1075 3935 1814 7339 8576 4271 2170 120 2007 9914
27 6638 4166 2012 2141 5713 6500 2450 9949 4264 3742 822 1920 5874 2683 635 2425 5150 3372 1343 5576 7567 9167 7154 8880 7921 2016 3708
27 4935 7787 4769 1890 5945 9909 5596 7483 5879 1694 6927 292 9280 866 8051 1013 440 6127 1528 7303 4283 1869 6832 2448 9505 8479 7492
24 8184 5130 4338 5153 2085 3033 6793 3532 452 3798 9279 9196 1088 5688 6045 7646 5743 3257 7354 5582 2357 6371 9873 6787
22 6229 8678 2042 3757 9537 4621 4483 5035 2913 7549 6483 7758 1906 7476 4464 1362 4210 9020 6920 4518 3062 6422
26 9543 8121 7918 1818 60 4001 81 1012 3724 8131 8369 6648 4430 2903 278 5642 4609 7023 3969 1232 607 2454 4877 8060 6038 63
24 5837 9850 9804 7232 7721 2298 9583 8398 1516 5699 6993 7321 4862 6841 6714 8425 3031 1476 1202 7128 6013 3931 1367 5193
26 6430 8579 1983 2384 9752 2057 4116 2061 7876 7928 2790 9217 5104 5746 4240 2181 8041 4860 6529 7311 4121 3084 7332 6028 8683 7456
25 1587 5771 6416 2578 6876 8417 7840 8518 8025 7536 1524 2998 3382 6282 8333 9156 807 9373 5019 4012 2718 8024 3901 5284 2288
28 7633 7511 1805 3903 4156 53 5619 6361 1306 4306 8391 7531 4295 6182 8761 3753 2740 9671 2997 3617 5145 3447 1716 7647 2828 637 4418 3810
24 8097 5354 3361 4717 3707 5166 8737 7748 9254 4168 3360 2171 5373 2653 9709 3245 7971 7434 2392 2383 9112 4947 1738 2507
27 9340 8207 4773 9506 5999 6000 7436 8410 2435 2624 2320 5480 1650 6174 3377 5409 2447 248 6035 3270 5824 1900 3208 5593 1638 6179 6246
27 8424 4805 8503 3322 5680 6703 5759 7993 9006 9835 6893 8448 7884 2981 4139 4310 4010 5602 6107 9840 1018 6661 1800 9535 7817 1653 6172
26 6423 957 4503 9612 7769 8754 1243 4799 4929 7727 3846 9490 6749 7557 9483 7881 2596 4709 3032 6840 6560 2751 1543 1255 8548 9895
24 8724 6347 40 8613 908 2838 1149 1307 3743 8907 3584 8038 234 999 8866 875 7627 4729 1857 6478 8197 3355 2215 4361
26 5703 3972 8003 5423 9165 5863 7872 5293 9720 9247 8755 3502 7018 3895 478 7732 9195 4731 2486 2162 5184 4228 6169 5844 4063 9307
24 8044 4951 3476 3455 1923 8831 4465 200 2595 560 3131 3136 7953 4424 9077 2131 3569 3843 9062 8088 1947 6068 7270 6148
25 4077 7613 1339 896 7957 8651 7866 7981 8040 9412 403 1701 2369 6698 4610 2941 1008 668 2934 372 7019 9759 3985 6061 9577
25 6808 6461 6092 5855 3537 2334 2788 2909 4519 5834 1467 7012 7053 2108 6050 7027 6894 3206 8427 6335 2261 3583 4998 4962 5885
26 7704 416 8586 421 1093 3871 7693 9634 7257 9979 2900 8509 6228 2888 8276 1033 2700 2192 6831 3469 5039 6022 7386 3589 503 3767
24 2517 1186 2906 9974 1133 7338 2161 3069 6672 2705 782 3096 5299 2364 4482 3244 1252 6259 6579 3588 616 8891 3918 8311
27 7205 5241 8952 7253 5456 4304 1245 9753 7916 5704 3925 9750 777 6591 8713 4538 7231 2490 1992 4810 9631 3450 253 8585 1327 3080 7368
23 5645 5941 8919 3811 4005 1547 6562 8262 2651 2859 8842 7126 2692 834 8839 4668 7469 4850 4746 1762 3197 9330 1199
25 2805 9243 1192 1964 4227 7201 2027 4396 6033 39 1962 8630 8242 3869 4035 355 1065 4041 2210 8648 1305 3734 2380 6650 6491
26 2209 4060 7397 4279 9139 3847 4251 1555 1861 3314 8352 1406 2032 1840 8119 5444 4781 520 9948 8823 4020 2514 2487 836 9724 4644
28 7047 3339 9382 2746 9585 3858 9781 4889 6296 7387 8604 8864 5758 112 4106 9776 2402 3093 8405 9472 7868 818 517 843 3668 6955 6663 969
26 7901 7175 2813 7244 2144 589 3486 5105 3678 1233 84 6773 4382 3401 9598 7829 5977 4626 6855 9652 809 4042 3168 2386 5470 5002
26 3265 8447 4006 2396 1276 5157 1420 9798 9178 6918 2897 3839 2589 48 8960 2070 9473 3788 890 8411 808 1347 2834 371 8443 7649
26 7653 4989 7402 5207 4573 2782 1411 8493 6574 4212 3449 7493 2151 7546 2110 8186 3007 495 458 7073 8323 6431 731 2670 2956 694
25 9371 1030 9492 432 7667 4942 9059 8322 8988 991 5442 4511 3888 9264 6962 5103 9171 6608 5710 9301 2046 9134 7008 8216 9600
27 2870 3288 4701 9039 4050 5883 185 9461 4194 4031 5983 4316 5803 6063 7844 4129 8116 6087 6118 4308 5995 5190 4039 6660 2119 6647 2388
23 8644 6879 747 6150 5244 6985 9272 2832 4062 8159 258 3415 4918 6629 5884 8997 562 8382 8433 4571 769 6480 9138
27 9443 8415 5263 7528 7485 8285 6553 6847 2808 4914 115 189 4199 998 4843 285 6678 763 1775 5762 9605 8179 2115 3779 145 3529 519
28 660 3877 6425 3921 460 9899 3703 956 7379 9338 6268 1889 4547 8722 1494 9681 645 9262 7710 1164 3223 5449 6593 1626 1022 1106 3334 7207
27 2038 7574 2000 817 7723 4788 7896 5401 468 8147 5694 5600 6426 6530 5252 7127 2362 28 3658 8136 1372 5380 4008 5926 6496 9015 3082
25 9189 9446 5492 9755 291 8992 4950 5439 3144 5781 9703 5579 9334 2193 5541 6315 1366 6140 1384 3165 8510 1316 6094 7537 9604
24 3016 3119 8885 6351 3755 209 2601 2799 6707 5770 2235 4288 3978 7365 9070 4618 7198 9945 3224 5560 3041 9916 5007 6479
25 9960 4238 3201 3746 1907 132 1707 525 532 8552 6024 3441 611 8319 1502 1426 6468 7145 5518 5085 5342 4688 6029 4097 3232
25 3440 4543 7864 4286 9456 3934 9274 1526 6585 8512 7298 4213 7172 5539 5331 500 5458 433 5217 4505 8174 1943 4699 4364 1648
25 7576 1893 6655 7442 2024 8958 2917 9231 2522 2857 6114 5839 6072 5567 5272 7285 4778 3338 317 8188 5996 6988 9444 4775 7527
23 3492 3991 1330 8949 6766 2744 6740 9500 5106 4402 5962 8254 1713 7808 8291 7373 7293 9602 7453 2311 390 1690 5255
25 4049 7487 8073 667 3126 9097 2770 6919 2843 7291 718 6581 5015 4230 7889 9587 3550 4333 6391 7799 2095 192 9347 1484 3227
28 9111 5069 7890 1462 1217 9223 8377 400 8862 8145 781 6701 533 8688 7673 5013 5389 7762 6401 9369 6254 5225 6076 5549 5870 1801 9782 2451
27 8561 3937 7120 8699 9629 5353 3420 5159 6185 3892 1023 1929 2237 5565 8414 4842 8947 9521 7255 3691 9508 4741 509 7478 8589 8631 2980
28 724 9589 271 6474 5949 813 9394 9495 4055 2760 8536 8390 7491 9400 386 3088 1955 9016 136 293 3135 814 4407 2537 7789 2781 3422 9346
25 1824 3772 9019 7867 338 4096 7392 8904 7190 6674 8686 1146 1392 8867 3056 6528 9532 4233 3924 6467 6317 4291 2789 7747 5453
26 3709 9038 8286 5566 9761 8790 5760 2562 9056 4290 2316 7509 831 9935 6607 4704 4441 6834 9086 1318 2812 2572 3421 936 3444 1154
25 5552 750 6890 1080 3722 6036 8812 576 6690 8153 7188 6612 5073 2560 369 5174 9867 2898 4528 2566 7714 9863 7843 6546 6906
24 9194 7015 7798 7180 5610 3644 8828 5301 8499 3494 1389 3759 7035 8942 3814 3754 2208 7749 8163 1995 1765 2306 4502 7414
24 1573 2557 2736 215 8634 8646 7202 619 1011 4019 4835 3944 8780 4549 2972 5357 8656 3823 1112 3717 8501 8640 3188 7417
25 2717 1942 6151 5333 4636 7299 685 1301 5440 8296 1960 3390 6450 4312 4902 1606 6512 1903 5094 5025 3578 6201 467 8819 592
21 7297 4122 2573 7249 8609 9491 5012 7275 5830 9464 8926 2695 1931 8379 1438 7827 3586 2819 7801 283 6575
24 2851 1753 4794 2244 5940 4718 6618 5177 6795 3058 71 9763 3137 9066 5246 6803 6913 2669 8747 6327 1601 8771 4767 647
25 8730 1704 4217 8615 6622 7800 5253 871 7037 3273 9218 6399 7167 6565 6106 9046 4812 6219 8676 1586 9253 7508 3962 3285 6627
26 3704 766 9459 4084 9055 2774 2303 2989 1708 5281 143 5720 3463 4525 2321 3666 7940 1388 7658 6909 3424 5261 7951 5774 3913 2423
22 570 8710 4507 1422 6348 2673 902 5425 9917 7370 7258 7044 1571 7210 3945 342 5892 2284 2248 9904 1235 6207
27 7937 5955 5903 7042 8751 2036 8093 1167 2289 6230 2735 5309 7300 2615 183 2697 324 9807 7814 3538 9680 3098 3354 3349 3580 8180 7796
27 2091 1365 498 3623 1515 3917 6437 2499 9808 2763 1799 8821 3095 3175 2015 3641 5236 3621 3967 6067 9479 1546 9667 9927 3758 277 7364
23 8099 5197 9606 1681 1412 1882 1679 4262 9526 4658 406 8348 6861 5957 6110 8580 7913 1162 4733 4531 5780 4685 4087
27 1572 3968 5889 5109 7116 3118 930 964 5343 4542 6705 2610 3241 3806 664 7556 8999 6758 8259 5697 5414 8388 4061 5805 5372 2134 1289
27 993 2583 2069 6363 3238 393 1238 4356 9658 3362 7195 7213 8435 2204 1054 5484 5038 5636 7716 6070 8451 5665 2510 6012 9423 9607 1445
27 8946 9727 9104 7458 9806 7286 1222 5406 4864 3262 2412 1091 1461 3180 4845 8614 7437 247 4513 2438 7101 5571 9170 6153 5849 6656 5107
26 1579 2607 7569 6482 7992 2279 308 4734 3341 1039 4833 3515 6951 3063 245 4033 2806 370 5891 7904 7252 2964 7518 7371 5204 3399
28 577 1831 5967 9646 1124 5229 7054 9310 8680 8289 6171 2948 7663 5752 3525 2757 6104 5422 9611 1940 7686 3200 1997 714 8979 1607 6843 7234
27 9014 2297 3258 540 8445 2918 4672 4185 734 4728 9372 4992 1145 5842 5037 4946 7357 7783 7057 5792 3729 9025 2749 8776 6269 1212 7010
23 8568 4068 9130 4082 682 6446 7660 5904 1444 2148 2842 5450 5732 2889 6724 5431 2035 3593 614 7119 7107 2620 2107
25 8085 191 9079 1588 2242 9437 8238 5501 3298 5913 4546 8560 7656 5187 840 9946 3012 8521 963 3154 9523 8660 5092 1350 7264
24 1512 108 5461 605 4183 2489 1485 1269 2629 5395 4925 2251 6850 3960 7510 6043 2764 8853 5657 5725 5215 9580 6810 6091
